<?xml version="1.0" encoding="UTF-8"?>
<!-- Generated by org.testng.reporters.JUnitXMLReporter -->
<testsuite ignored="0" hostname="DESKTOP-K8MM6NB" failures="0" tests="3" name="Default test" time="19.547" errors="0" timestamp="2023-02-19T14:07:35 IST">
  <testcase classname="Mozammil.Automation.test" name="Testcase1" time="8.048"/>
  <testcase classname="Mozammil.Automation.test" name="Testcase2" time="5.35"/>
  <testcase classname="Mozammil.Automation.test2" name="Testcase3" time="4.792"/>
</testsuite> <!-- Default test -->
