<?xml version="1.0" encoding="UTF-8"?>
<testng-results ignored="0" total="4" passed="3" failed="1" skipped="0">
  <reporter-output>
  </reporter-output>
  <suite started-at="2023-02-27T22:56:38 IST" name="Sample Suite" finished-at="2023-02-27T22:56:48 IST" duration-ms="10721">
    <groups>
    </groups>
    <test started-at="2023-02-27T22:56:38 IST" name="Testing2" finished-at="2023-02-27T22:56:41 IST" duration-ms="3178">
      <class name="Mozammil.Automation.test2">
        <test-method is-config="true" signature="Setup(java.lang.String)[pri:0, instance:Mozammil.Automation.test2@58695725]" started-at="2023-02-27T22:56:38 IST" name="Setup" finished-at="2023-02-27T22:56:41 IST" duration-ms="3029" status="PASS">
          <params>
            <param index="0">
              <value>
                <![CDATA[chrome]]>
              </value>
            </param>
          </params>
          <reporter-output>
          </reporter-output>
        </test-method> <!-- Setup -->
        <test-method signature="Testcase3()[pri:0, instance:Mozammil.Automation.test2@58695725]" started-at="2023-02-27T22:56:41 IST" name="Testcase3" finished-at="2023-02-27T22:56:41 IST" duration-ms="18" status="FAIL">
          <exception class="java.lang.NullPointerException">
            <full-stacktrace>
              <![CDATA[java.lang.NullPointerException
at reporting.Logger.startLogForTestCase(Logger.java:18)
at Mozammil.Automation.test2.Testcase3(test2.java:18)
at java.base/jdk.internal.reflect.NativeMethodAccessorImpl.invoke0(Native Method)
at java.base/jdk.internal.reflect.NativeMethodAccessorImpl.invoke(NativeMethodAccessorImpl.java:62)
at java.base/jdk.internal.reflect.DelegatingMethodAccessorImpl.invoke(DelegatingMethodAccessorImpl.java:43)
at java.base/java.lang.reflect.Method.invoke(Method.java:566)
at org.testng.internal.MethodInvocationHelper.invokeMethod(MethodInvocationHelper.java:132)
at org.testng.internal.TestInvoker.invokeMethod(TestInvoker.java:599)
at org.testng.internal.TestInvoker.invokeTestMethod(TestInvoker.java:174)
at org.testng.internal.MethodRunner.runInSequence(MethodRunner.java:46)
at org.testng.internal.TestInvoker$MethodInvocationAgent.invoke(TestInvoker.java:822)
at org.testng.internal.TestInvoker.invokeTestMethods(TestInvoker.java:147)
at org.testng.internal.TestMethodWorker.invokeTestMethods(TestMethodWorker.java:146)
at org.testng.internal.TestMethodWorker.run(TestMethodWorker.java:128)
at java.base/java.util.ArrayList.forEach(ArrayList.java:1541)
at org.testng.TestRunner.privateRun(TestRunner.java:764)
at org.testng.TestRunner.run(TestRunner.java:585)
at org.testng.SuiteRunner.runTest(SuiteRunner.java:384)
at org.testng.SuiteRunner.access$000(SuiteRunner.java:28)
at org.testng.SuiteRunner$SuiteWorker.run(SuiteRunner.java:425)
at org.testng.internal.thread.ThreadUtil.lambda$execute$0(ThreadUtil.java:66)
at java.base/java.util.concurrent.FutureTask.run(FutureTask.java:264)
at java.base/java.util.concurrent.ThreadPoolExecutor.runWorker(ThreadPoolExecutor.java:1128)
at java.base/java.util.concurrent.ThreadPoolExecutor$Worker.run(ThreadPoolExecutor.java:628)
at java.base/java.lang.Thread.run(Thread.java:834)
]]>
            </full-stacktrace>
          </exception> <!-- java.lang.NullPointerException -->
          <reporter-output>
          </reporter-output>
        </test-method> <!-- Testcase3 -->
        <test-method is-config="true" signature="tearDown()[pri:0, instance:Mozammil.Automation.test2@58695725]" started-at="2023-02-27T22:56:41 IST" name="tearDown" finished-at="2023-02-27T22:56:41 IST" duration-ms="103" status="PASS">
          <reporter-output>
          </reporter-output>
        </test-method> <!-- tearDown -->
      </class> <!-- Mozammil.Automation.test2 -->
    </test> <!-- Testing2 -->
    <test started-at="2023-02-27T22:56:38 IST" name="Testing" finished-at="2023-02-27T22:56:48 IST" duration-ms="10721">
      <class name="Mozammil.Automation.test">
        <test-method is-config="true" signature="Setup(java.lang.String)[pri:0, instance:Mozammil.Automation.test@fa49800]" started-at="2023-02-27T22:56:38 IST" name="Setup" finished-at="2023-02-27T22:56:41 IST" duration-ms="3028" status="PASS">
          <params>
            <param index="0">
              <value>
                <![CDATA[chrome]]>
              </value>
            </param>
          </params>
          <reporter-output>
          </reporter-output>
        </test-method> <!-- Setup -->
        <test-method signature="print()[pri:0, instance:Mozammil.Automation.test@fa49800]" started-at="2023-02-27T22:56:41 IST" name="print" finished-at="2023-02-27T22:56:41 IST" duration-ms="7" status="PASS">
          <reporter-output>
          </reporter-output>
        </test-method> <!-- print -->
        <test-method signature="Testcase1()[pri:1, instance:Mozammil.Automation.test@fa49800]" started-at="2023-02-27T22:56:41 IST" name="Testcase1" finished-at="2023-02-27T22:56:41 IST" duration-ms="6" status="PASS">
          <reporter-output>
          </reporter-output>
        </test-method> <!-- Testcase1 -->
        <test-method signature="Testcase2()[pri:2, instance:Mozammil.Automation.test@fa49800]" started-at="2023-02-27T22:56:41 IST" name="Testcase2" finished-at="2023-02-27T22:56:48 IST" duration-ms="7508" status="PASS">
          <reporter-output>
          </reporter-output>
        </test-method> <!-- Testcase2 -->
        <test-method is-config="true" signature="tearDown()[pri:0, instance:Mozammil.Automation.test@fa49800]" started-at="2023-02-27T22:56:48 IST" name="tearDown" finished-at="2023-02-27T22:56:48 IST" duration-ms="137" status="PASS">
          <reporter-output>
          </reporter-output>
        </test-method> <!-- tearDown -->
      </class> <!-- Mozammil.Automation.test -->
    </test> <!-- Testing -->
  </suite> <!-- Sample Suite -->
</testng-results>
