<?xml version="1.0" encoding="UTF-8"?>
<testng-results ignored="0" total="1" passed="1" failed="0" skipped="0">
  <reporter-output>
  </reporter-output>
  <suite started-at="2023-02-18T15:47:09 IST" name="Default suite" finished-at="2023-02-18T15:47:09 IST" duration-ms="37">
    <groups>
    </groups>
    <test started-at="2023-02-18T15:47:09 IST" name="Default test" finished-at="2023-02-18T15:47:09 IST" duration-ms="37">
      <class name="Mozammil.Automation.App">
        <test-method signature="getName()[pri:0, instance:Mozammil.Automation.App@69e1dd28]" started-at="2023-02-18T15:47:09 IST" name="getName" finished-at="2023-02-18T15:47:09 IST" duration-ms="7" status="PASS">
          <reporter-output>
          </reporter-output>
        </test-method> <!-- getName -->
      </class> <!-- Mozammil.Automation.App -->
    </test> <!-- Default test -->
  </suite> <!-- Default suite -->
</testng-results>
