<?xml version="1.0" encoding="UTF-8"?>
<!-- Generated by org.testng.reporters.JUnitXMLReporter -->
<testsuite ignored="0" hostname="DESKTOP-K8MM6NB" failures="0" tests="3" name="Testing" time="10.721" errors="0" timestamp="2023-02-27T22:56:48 IST">
  <testcase classname="Mozammil.Automation.test" name="print" time="0.007"/>
  <testcase classname="Mozammil.Automation.test" name="Testcase1" time="0.006"/>
  <testcase classname="Mozammil.Automation.test" name="Testcase2" time="7.508"/>
</testsuite> <!-- Testing -->
