<?xml version="1.0" encoding="UTF-8"?>
<!-- Generated by org.testng.reporters.JUnitXMLReporter -->
<testsuite ignored="0" hostname="DESKTOP-K8MM6NB" failures="1" tests="1" name="Testing2" time="3.178" errors="0" timestamp="2023-02-27T22:56:41 IST">
  <testcase classname="Mozammil.Automation.test2" name="Testcase3" time="0.018">
    <failure type="java.lang.NullPointerException">
      <![CDATA[java.lang.NullPointerException
at reporting.Logger.startLogForTestCase(Logger.java:18)
at Mozammil.Automation.test2.Testcase3(test2.java:18)
at java.base/java.util.ArrayList.forEach(ArrayList.java:1541)
at java.base/java.util.concurrent.FutureTask.run(FutureTask.java:264)
at java.base/java.util.concurrent.ThreadPoolExecutor.runWorker(ThreadPoolExecutor.java:1128)
at java.base/java.util.concurrent.ThreadPoolExecutor$Worker.run(ThreadPoolExecutor.java:628)
at java.base/java.lang.Thread.run(Thread.java:834)
... Removed 18 stack frames]]>
    </failure>
  </testcase> <!-- Testcase3 -->
</testsuite> <!-- Testing2 -->
