<?xml version="1.0" encoding="UTF-8"?>
<!-- Generated by org.testng.reporters.JUnitXMLReporter -->
<testsuite ignored="0" hostname="DESKTOP-K8MM6NB" failures="0" tests="3" name="Testing" time="18.268" errors="0" timestamp="2023-02-19T15:54:13 IST">
  <testcase classname="Mozammil.Automation.test" name="Testcase1" time="7.453"/>
  <testcase classname="Mozammil.Automation.test" name="Testcase2" time="5.665"/>
  <testcase classname="Mozammil.Automation.test2" name="Testcase3" time="5.043"/>
</testsuite> <!-- Testing -->
