<?xml version="1.0" encoding="UTF-8"?>
<!-- Generated by org.testng.reporters.JUnitXMLReporter -->
<testsuite ignored="0" hostname="DESKTOP-K8MM6NB" failures="3" tests="3" name="Unit Level Test" time="0.149" errors="0" timestamp="2023-02-19T15:50:11 IST">
  <testcase classname="Mozammil.Automation.test" name="Testcase1" time="0.032">
    <failure type="java.lang.NullPointerException">
      <![CDATA[java.lang.NullPointerException
at reporting.Logger.startLogForTestCase(Logger.java:18)
at Mozammil.Automation.test.Testcase1(test.java:18)
at java.base/java.util.ArrayList.forEach(ArrayList.java:1541)
... Removed 27 stack frames]]>
    </failure>
  </testcase> <!-- Testcase1 -->
  <testcase classname="Mozammil.Automation.test" name="Testcase2" time="0.002">
    <failure type="java.lang.NullPointerException">
      <![CDATA[java.lang.NullPointerException
at reporting.Logger.startLogForTestCase(Logger.java:18)
at Mozammil.Automation.test.Testcase2(test.java:31)
at java.base/java.util.ArrayList.forEach(ArrayList.java:1541)
... Removed 27 stack frames]]>
    </failure>
  </testcase> <!-- Testcase2 -->
  <testcase classname="Mozammil.Automation.test2" name="Testcase3" time="0.003">
    <failure type="java.lang.NullPointerException">
      <![CDATA[java.lang.NullPointerException
at reporting.Logger.startLogForTestCase(Logger.java:18)
at Mozammil.Automation.test2.Testcase3(test2.java:17)
at java.base/java.util.ArrayList.forEach(ArrayList.java:1541)
... Removed 27 stack frames]]>
    </failure>
  </testcase> <!-- Testcase3 -->
</testsuite> <!-- Unit Level Test -->
